0 info it worked if it ends with ok
1 verbose cli [ 'C:\\Program Files\\nodejs\\node.exe',
1 verbose cli   'C:\\Program Files\\nodejs\\node_modules\\npm\\bin\\npm-cli.js',
1 verbose cli   'run',
1 verbose cli   'protractor' ]
2 info using npm@3.10.10
3 info using node@v6.10.3
4 verbose run-script [ 'preprotractor', 'protractor', 'postprotractor' ]
5 info lifecycle angular-phonecat@0.0.0~preprotractor: angular-phonecat@0.0.0
6 verbose lifecycle angular-phonecat@0.0.0~preprotractor: unsafe-perm in lifecycle true
7 verbose lifecycle angular-phonecat@0.0.0~preprotractor: PATH: C:\Program Files\nodejs\node_modules\npm\bin\node-gyp-bin;C:\Users\tim.dement\Desktop\Independent-Study\AngularJS\angular-phonecat\node_modules\.bin;C:\Users\tim.dement\bin;C:\Program Files\Git\mingw64\bin;C:\Program Files\Git\usr\local\bin;C:\Program Files\Git\usr\bin;C:\Program Files\Git\usr\bin;C:\Program Files\Git\mingw64\bin;C:\Program Files\Git\usr\bin;C:\Users\tim.dement\bin;C:\Python27;C:\Python27\Scripts;C:\Program Files (x86)\Intel\iCLS Client;C:\Program Files\Intel\iCLS Client;C:\Windows\system32;C:\Windows;C:\Windows\System32\Wbem;C:\Windows\System32\WindowsPowerShell\v1.0;C:\Program Files (x86)\Sennheiser\SoftphoneSDK;C:\Program Files (x86)\Intel\Intel(R) Management Engine Components\DAL;C:\Program Files\Intel\Intel(R) Management Engine Components\DAL;C:\Program Files (x86)\Intel\Intel(R) Management Engine Components\IPT;C:\Program Files\Intel\Intel(R) Management Engine Components\IPT;C:\Program Files\Intel\WiFi\bin;C:\Program Files\Common Files\Intel\WirelessCommon;C:\Program Files\dotnet;C:\Program Files\Microsoft SQL Server\130\Tools\Binn;C:\Python27;C:\Program Files\nodejs;C:\Program Files\Git\cmd;C:\Program Files\Microsoft SQL Server\110\DTS\Binn;C:\Program Files (x86)\Microsoft SQL Server\110\Tools\Binn;C:\Program Files\Microsoft SQL Server\110\Tools\Binn;C:\Program Files (x86)\Microsoft SQL Server\110\Tools\Binn\ManagementStudio;C:\Program Files (x86)\Microsoft Visual Studio 10.0\Common7\IDE\PrivateAssemblies;C:\Program Files (x86)\Microsoft SQL Server\110\DTS\Binn;C:\Program Files (x86)\Microsoft SQL Server\80\Tools\Binn;C:\Program Files (x86)\Blackbaud\Management Console\bin;C:\Program Files (x86)\Blackbaud\The Financial Edge;C:\Program Files (x86)\Microsoft ASP.NET\ASP.NET Web Pages\v1.0;C:\Program Files (x86)\Microsoft SQL Server\Client SDK\ODBC\130\Tools\Binn;C:\Program Files (x86)\Microsoft SQL Server\140\Tools\Binn;C:\Program Files (x86)\Microsoft SQL Server\140\DTS\Binn;C:\Program Files (x86)\Microsoft SQL Server\140\Tools\Binn\ManagementStudio;C:\Users\tim.dement\AppData\Local\Microsoft\WindowsApps;C:\Users\tim.dement\AppData\Roaming\npm;C:\Program Files\nodejs;C:\Program Files\Microsoft VS Code\bin;C:\Windows\Microsoft.NET\Framework64\v4.0.30319;C:\Windows\Microsoft.NET\Framework\v4.0.30319;C:\Program Files\Git\usr\bin\vendor_perl;C:\Program Files\Git\usr\bin\core_perl
8 verbose lifecycle angular-phonecat@0.0.0~preprotractor: CWD: C:\Users\tim.dement\Desktop\Independent-Study\AngularJS\angular-phonecat
9 silly lifecycle angular-phonecat@0.0.0~preprotractor: Args: [ '/d /s /c', 'npm run update-webdriver' ]
10 silly lifecycle angular-phonecat@0.0.0~preprotractor: Returned: code: 0  signal: null
11 info lifecycle angular-phonecat@0.0.0~protractor: angular-phonecat@0.0.0
12 verbose lifecycle angular-phonecat@0.0.0~protractor: unsafe-perm in lifecycle true
13 verbose lifecycle angular-phonecat@0.0.0~protractor: PATH: C:\Program Files\nodejs\node_modules\npm\bin\node-gyp-bin;C:\Users\tim.dement\Desktop\Independent-Study\AngularJS\angular-phonecat\node_modules\.bin;C:\Users\tim.dement\bin;C:\Program Files\Git\mingw64\bin;C:\Program Files\Git\usr\local\bin;C:\Program Files\Git\usr\bin;C:\Program Files\Git\usr\bin;C:\Program Files\Git\mingw64\bin;C:\Program Files\Git\usr\bin;C:\Users\tim.dement\bin;C:\Python27;C:\Python27\Scripts;C:\Program Files (x86)\Intel\iCLS Client;C:\Program Files\Intel\iCLS Client;C:\Windows\system32;C:\Windows;C:\Windows\System32\Wbem;C:\Windows\System32\WindowsPowerShell\v1.0;C:\Program Files (x86)\Sennheiser\SoftphoneSDK;C:\Program Files (x86)\Intel\Intel(R) Management Engine Components\DAL;C:\Program Files\Intel\Intel(R) Management Engine Components\DAL;C:\Program Files (x86)\Intel\Intel(R) Management Engine Components\IPT;C:\Program Files\Intel\Intel(R) Management Engine Components\IPT;C:\Program Files\Intel\WiFi\bin;C:\Program Files\Common Files\Intel\WirelessCommon;C:\Program Files\dotnet;C:\Program Files\Microsoft SQL Server\130\Tools\Binn;C:\Python27;C:\Program Files\nodejs;C:\Program Files\Git\cmd;C:\Program Files\Microsoft SQL Server\110\DTS\Binn;C:\Program Files (x86)\Microsoft SQL Server\110\Tools\Binn;C:\Program Files\Microsoft SQL Server\110\Tools\Binn;C:\Program Files (x86)\Microsoft SQL Server\110\Tools\Binn\ManagementStudio;C:\Program Files (x86)\Microsoft Visual Studio 10.0\Common7\IDE\PrivateAssemblies;C:\Program Files (x86)\Microsoft SQL Server\110\DTS\Binn;C:\Program Files (x86)\Microsoft SQL Server\80\Tools\Binn;C:\Program Files (x86)\Blackbaud\Management Console\bin;C:\Program Files (x86)\Blackbaud\The Financial Edge;C:\Program Files (x86)\Microsoft ASP.NET\ASP.NET Web Pages\v1.0;C:\Program Files (x86)\Microsoft SQL Server\Client SDK\ODBC\130\Tools\Binn;C:\Program Files (x86)\Microsoft SQL Server\140\Tools\Binn;C:\Program Files (x86)\Microsoft SQL Server\140\DTS\Binn;C:\Program Files (x86)\Microsoft SQL Server\140\Tools\Binn\ManagementStudio;C:\Users\tim.dement\AppData\Local\Microsoft\WindowsApps;C:\Users\tim.dement\AppData\Roaming\npm;C:\Program Files\nodejs;C:\Program Files\Microsoft VS Code\bin;C:\Windows\Microsoft.NET\Framework64\v4.0.30319;C:\Windows\Microsoft.NET\Framework\v4.0.30319;C:\Program Files\Git\usr\bin\vendor_perl;C:\Program Files\Git\usr\bin\core_perl
14 verbose lifecycle angular-phonecat@0.0.0~protractor: CWD: C:\Users\tim.dement\Desktop\Independent-Study\AngularJS\angular-phonecat
15 silly lifecycle angular-phonecat@0.0.0~protractor: Args: [ '/d /s /c', 'protractor e2e-tests/protractor.conf.js' ]
16 silly lifecycle angular-phonecat@0.0.0~protractor: Returned: code: 199  signal: null
17 info lifecycle angular-phonecat@0.0.0~protractor: Failed to exec protractor script
18 verbose stack Error: angular-phonecat@0.0.0 protractor: `protractor e2e-tests/protractor.conf.js`
18 verbose stack Exit status 199
18 verbose stack     at EventEmitter.<anonymous> (C:\Program Files\nodejs\node_modules\npm\lib\utils\lifecycle.js:255:16)
18 verbose stack     at emitTwo (events.js:106:13)
18 verbose stack     at EventEmitter.emit (events.js:191:7)
18 verbose stack     at ChildProcess.<anonymous> (C:\Program Files\nodejs\node_modules\npm\lib\utils\spawn.js:40:14)
18 verbose stack     at emitTwo (events.js:106:13)
18 verbose stack     at ChildProcess.emit (events.js:191:7)
18 verbose stack     at maybeClose (internal/child_process.js:886:16)
18 verbose stack     at Process.ChildProcess._handle.onexit (internal/child_process.js:226:5)
19 verbose pkgid angular-phonecat@0.0.0
20 verbose cwd C:\Users\tim.dement\Desktop\Independent-Study\AngularJS\angular-phonecat
21 error Windows_NT 10.0.15063
22 error argv "C:\\Program Files\\nodejs\\node.exe" "C:\\Program Files\\nodejs\\node_modules\\npm\\bin\\npm-cli.js" "run" "protractor"
23 error node v6.10.3
24 error npm  v3.10.10
25 error code ELIFECYCLE
26 error angular-phonecat@0.0.0 protractor: `protractor e2e-tests/protractor.conf.js`
26 error Exit status 199
27 error Failed at the angular-phonecat@0.0.0 protractor script 'protractor e2e-tests/protractor.conf.js'.
27 error Make sure you have the latest version of node.js and npm installed.
27 error If you do, this is most likely a problem with the angular-phonecat package,
27 error not with npm itself.
27 error Tell the author that this fails on your system:
27 error     protractor e2e-tests/protractor.conf.js
27 error You can get information on how to open an issue for this project with:
27 error     npm bugs angular-phonecat
27 error Or if that isn't available, you can get their info via:
27 error     npm owner ls angular-phonecat
27 error There is likely additional logging output above.
28 verbose exit [ 1, true ]
